<?xml version="1.0" encoding="UTF-8"?>
<!-- Generated by org.testng.reporters.JUnitReportReporter -->
<testsuite hostname="J-zest" failures="0" tests="6" name="com.qa.opencart.tests.AccountsPageTest" time="8.936" errors="0" timestamp="2023-07-07T09:40:53 EDT" skipped="0">
  <testcase classname="com.qa.opencart.tests.AccountsPageTest" name="searchProductTest" time="1.476"/>
  <testcase classname="com.qa.opencart.tests.AccountsPageTest" name="searchProductTest" time="1.173"/>
  <testcase classname="com.qa.opencart.tests.AccountsPageTest" name="searchProductTest" time="1.334"/>
  <testcase classname="com.qa.opencart.tests.AccountsPageTest" name="searchProductTest" time="2.184"/>
  <testcase classname="com.qa.opencart.tests.AccountsPageTest" name="searchProductTest" time="1.494"/>
  <testcase classname="com.qa.opencart.tests.AccountsPageTest" name="searchProductTest" time="1.275"/>
</testsuite> <!-- com.qa.opencart.tests.AccountsPageTest -->
