<?xml version="1.0" encoding="UTF-8"?>
<!-- Generated by org.testng.reporters.JUnitReportReporter -->
<testsuite hostname="J-zest" failures="0" tests="1" name="com.qa.opencart.tests.ProductPageInfoTest" time="2.639" errors="0" timestamp="2023-07-11T13:10:10 EDT" skipped="0">
  <testcase classname="com.qa.opencart.tests.ProductPageInfoTest" name="addToCartTest" time="2.639"/>
</testsuite> <!-- com.qa.opencart.tests.ProductPageInfoTest -->
